mode: set
github.com/wednesday-solutions/negt/negt.go:10.13,12.16 2 1
github.com/wednesday-solutions/negt/negt.go:12.16,15.3 2 1
github.com/wednesday-solutions/negt/hbs/hbs.go:9.13,21.2 11 1
github.com/wednesday-solutions/negt/hbs/hbs.go:25.78,27.30 1 1
github.com/wednesday-solutions/negt/hbs/hbs.go:38.2,38.23 1 1
github.com/wednesday-solutions/negt/hbs/hbs.go:27.30,28.34 1 1
github.com/wednesday-solutions/negt/hbs/hbs.go:28.34,29.23 1 1
github.com/wednesday-solutions/negt/hbs/hbs.go:29.23,32.5 1 1
github.com/wednesday-solutions/negt/hbs/hbs.go:32.10,35.5 1 1
github.com/wednesday-solutions/negt/hbs/hbs.go:43.67,44.26 1 1
github.com/wednesday-solutions/negt/hbs/hbs.go:50.2,50.19 1 1
github.com/wednesday-solutions/negt/hbs/hbs.go:44.26,45.32 1 1
github.com/wednesday-solutions/negt/hbs/hbs.go:45.32,48.4 1 1
github.com/wednesday-solutions/negt/hbs/hbs.go:55.86,57.28 1 1
github.com/wednesday-solutions/negt/hbs/hbs.go:68.2,68.21 1 1
github.com/wednesday-solutions/negt/hbs/hbs.go:57.28,58.34 1 1
github.com/wednesday-solutions/negt/hbs/hbs.go:58.34,59.42 1 1
github.com/wednesday-solutions/negt/hbs/hbs.go:59.42,62.5 1 1
github.com/wednesday-solutions/negt/hbs/hbs.go:62.10,65.5 1 1
github.com/wednesday-solutions/negt/hbs/hbs.go:73.89,75.37 1 1
github.com/wednesday-solutions/negt/hbs/hbs.go:96.2,96.30 1 1
github.com/wednesday-solutions/negt/hbs/hbs.go:75.37,76.34 1 1
github.com/wednesday-solutions/negt/hbs/hbs.go:76.34,77.16 1 1
github.com/wednesday-solutions/negt/hbs/hbs.go:77.16,78.43 1 1
github.com/wednesday-solutions/negt/hbs/hbs.go:78.43,81.6 1 1
github.com/wednesday-solutions/negt/hbs/hbs.go:81.11,84.6 1 0
github.com/wednesday-solutions/negt/hbs/hbs.go:85.10,86.43 1 1
github.com/wednesday-solutions/negt/hbs/hbs.go:86.43,89.6 1 1
github.com/wednesday-solutions/negt/hbs/hbs.go:89.11,92.6 1 1
github.com/wednesday-solutions/negt/hbs/hbs.go:99.37,101.2 1 1
github.com/wednesday-solutions/negt/hbs/hbs.go:105.56,106.20 1 1
github.com/wednesday-solutions/negt/hbs/hbs.go:115.2,115.11 1 1
github.com/wednesday-solutions/negt/hbs/hbs.go:106.20,107.34 1 1
github.com/wednesday-solutions/negt/hbs/hbs.go:113.3,113.31 1 1
github.com/wednesday-solutions/negt/hbs/hbs.go:107.34,112.4 1 1
github.com/wednesday-solutions/negt/hbs/hbs.go:120.55,121.26 1 1
github.com/wednesday-solutions/negt/hbs/hbs.go:142.2,142.19 1 1
github.com/wednesday-solutions/negt/hbs/hbs.go:121.26,122.34 1 1
github.com/wednesday-solutions/negt/hbs/hbs.go:122.34,124.38 2 1
github.com/wednesday-solutions/negt/hbs/hbs.go:138.4,139.29 1 1
github.com/wednesday-solutions/negt/hbs/hbs.go:124.38,126.5 1 1
github.com/wednesday-solutions/negt/hbs/hbs.go:126.10,126.46 1 1
github.com/wednesday-solutions/negt/hbs/hbs.go:126.46,128.5 1 1
github.com/wednesday-solutions/negt/hbs/hbs.go:128.10,128.49 1 1
github.com/wednesday-solutions/negt/hbs/hbs.go:128.49,130.5 1 1
github.com/wednesday-solutions/negt/hbs/hbs.go:130.10,130.48 1 1
github.com/wednesday-solutions/negt/hbs/hbs.go:130.48,132.5 1 1
github.com/wednesday-solutions/negt/hbs/hbs.go:132.10,132.50 1 1
github.com/wednesday-solutions/negt/hbs/hbs.go:132.50,134.5 1 1
github.com/wednesday-solutions/negt/hbs/hbs.go:134.10,134.51 1 1
github.com/wednesday-solutions/negt/hbs/hbs.go:134.51,136.5 1 1
github.com/wednesday-solutions/negt/hbs/hbs.go:145.46,146.39 1 1
github.com/wednesday-solutions/negt/hbs/hbs.go:152.2,152.11 1 1
github.com/wednesday-solutions/negt/hbs/hbs.go:146.39,147.35 1 1
github.com/wednesday-solutions/negt/hbs/hbs.go:147.35,150.4 2 1
github.com/wednesday-solutions/negt/hbs/hbs.go:155.28,157.2 1 1
github.com/wednesday-solutions/negt/hbs/hbs.go:159.28,161.2 1 1
github.com/wednesday-solutions/negt/hbs/hbs.go:165.50,166.20 1 1
github.com/wednesday-solutions/negt/hbs/hbs.go:175.2,175.11 1 1
github.com/wednesday-solutions/negt/hbs/hbs.go:166.20,167.28 1 1
github.com/wednesday-solutions/negt/hbs/hbs.go:173.3,173.25 1 1
github.com/wednesday-solutions/negt/hbs/hbs.go:167.28,172.4 1 1
github.com/wednesday-solutions/negt/hbs/hbs.go:178.82,181.16 2 1
github.com/wednesday-solutions/negt/hbs/hbs.go:185.2,186.16 2 1
github.com/wednesday-solutions/negt/hbs/hbs.go:190.2,190.20 1 1
github.com/wednesday-solutions/negt/hbs/hbs.go:181.16,184.3 2 1
github.com/wednesday-solutions/negt/hbs/hbs.go:186.16,189.3 2 1
github.com/wednesday-solutions/negt/hbs/testCustomCreateMutation.go:9.101,43.16 3 1
github.com/wednesday-solutions/negt/hbs/testCustomCreateMutation.go:46.2,48.12 2 1
github.com/wednesday-solutions/negt/hbs/testCustomCreateMutation.go:43.16,45.3 1 1
github.com/wednesday-solutions/negt/hbs/testCustomDeleteMutation.go:9.101,48.16 3 1
github.com/wednesday-solutions/negt/hbs/testCustomDeleteMutation.go:51.2,53.12 2 1
github.com/wednesday-solutions/negt/hbs/testCustomDeleteMutation.go:48.16,50.3 1 1
github.com/wednesday-solutions/negt/hbs/customDeleteMutation.go:5.97,12.16 3 1
github.com/wednesday-solutions/negt/hbs/customDeleteMutation.go:15.2,17.12 2 1
github.com/wednesday-solutions/negt/hbs/customDeleteMutation.go:12.16,14.3 1 1
github.com/wednesday-solutions/negt/hbs/customUpdateMutation.go:5.97,12.16 3 1
github.com/wednesday-solutions/negt/hbs/customUpdateMutation.go:15.2,17.12 2 1
github.com/wednesday-solutions/negt/hbs/customUpdateMutation.go:12.16,14.3 1 1
github.com/wednesday-solutions/negt/hbs/listSource.go:5.81,35.16 3 1
github.com/wednesday-solutions/negt/hbs/listSource.go:38.2,40.12 2 1
github.com/wednesday-solutions/negt/hbs/listSource.go:35.16,37.3 1 1
github.com/wednesday-solutions/negt/hbs/testListSource.go:9.85,51.16 3 1
github.com/wednesday-solutions/negt/hbs/testListSource.go:54.2,56.12 2 1
github.com/wednesday-solutions/negt/hbs/testListSource.go:51.16,53.3 1 1
github.com/wednesday-solutions/negt/hbs/testModelSource.go:9.86,50.16 3 1
github.com/wednesday-solutions/negt/hbs/testModelSource.go:53.2,55.12 2 1
github.com/wednesday-solutions/negt/hbs/testModelSource.go:50.16,52.3 1 1
github.com/wednesday-solutions/negt/hbs/testMutationSource.go:9.89,88.16 3 1
github.com/wednesday-solutions/negt/hbs/testMutationSource.go:92.2,94.12 2 1
github.com/wednesday-solutions/negt/hbs/testMutationSource.go:88.16,90.3 1 1
github.com/wednesday-solutions/negt/hbs/testQuerySource.go:9.86,48.16 3 1
github.com/wednesday-solutions/negt/hbs/testQuerySource.go:51.2,53.12 2 1
github.com/wednesday-solutions/negt/hbs/testQuerySource.go:48.16,50.3 1 1
github.com/wednesday-solutions/negt/hbs/customCreateMutation.go:5.97,12.16 3 1
github.com/wednesday-solutions/negt/hbs/customCreateMutation.go:15.2,17.12 2 1
github.com/wednesday-solutions/negt/hbs/customCreateMutation.go:12.16,14.3 1 1
github.com/wednesday-solutions/negt/hbs/modelSource.go:5.82,28.16 3 1
github.com/wednesday-solutions/negt/hbs/modelSource.go:31.2,33.12 2 1
github.com/wednesday-solutions/negt/hbs/modelSource.go:28.16,30.3 1 1
github.com/wednesday-solutions/negt/hbs/mutationSource.go:5.85,21.16 3 1
github.com/wednesday-solutions/negt/hbs/mutationSource.go:24.2,26.12 2 1
github.com/wednesday-solutions/negt/hbs/mutationSource.go:21.16,23.3 1 1
github.com/wednesday-solutions/negt/hbs/querySource.go:5.82,24.16 3 1
github.com/wednesday-solutions/negt/hbs/querySource.go:27.2,29.12 2 1
github.com/wednesday-solutions/negt/hbs/querySource.go:24.16,26.3 1 1
github.com/wednesday-solutions/negt/hbs/testCustomUpdateMutation.go:9.101,46.16 3 1
github.com/wednesday-solutions/negt/hbs/testCustomUpdateMutation.go:49.2,51.12 2 1
github.com/wednesday-solutions/negt/hbs/testCustomUpdateMutation.go:46.16,48.3 1 1
github.com/wednesday-solutions/negt/hbs/indexSource.go:5.82,20.16 3 1
github.com/wednesday-solutions/negt/hbs/indexSource.go:23.2,25.12 2 1
github.com/wednesday-solutions/negt/hbs/indexSource.go:20.16,22.3 1 1
github.com/wednesday-solutions/negt/hbs/mockDataSource.go:5.85,15.16 3 1
github.com/wednesday-solutions/negt/hbs/mockDataSource.go:18.2,20.12 2 1
github.com/wednesday-solutions/negt/hbs/mockDataSource.go:15.16,17.3 1 1
github.com/wednesday-solutions/negt/hbs/testIndexSource.go:7.86,29.16 3 1
github.com/wednesday-solutions/negt/hbs/testIndexSource.go:32.2,34.12 2 1
github.com/wednesday-solutions/negt/hbs/testIndexSource.go:29.16,31.3 1 1
github.com/wednesday-solutions/negt/hbs/testPaginationSource.go:9.91,61.16 3 1
github.com/wednesday-solutions/negt/hbs/testPaginationSource.go:64.2,66.12 2 1
github.com/wednesday-solutions/negt/hbs/testPaginationSource.go:61.16,63.3 1 1
github.com/wednesday-solutions/negt/gqlgenUtils/fileUtils/fileUtils.go:9.43,12.2 2 1
github.com/wednesday-solutions/negt/gqlgenUtils/fileUtils/fileUtils.go:14.55,16.16 2 1
github.com/wednesday-solutions/negt/gqlgenUtils/fileUtils/fileUtils.go:19.2,19.12 1 1
github.com/wednesday-solutions/negt/gqlgenUtils/fileUtils/fileUtils.go:16.16,18.3 1 1
github.com/wednesday-solutions/negt/gqlgenUtils/fileUtils/fileUtils.go:22.51,24.16 2 1
github.com/wednesday-solutions/negt/gqlgenUtils/fileUtils/fileUtils.go:27.2,27.12 1 1
github.com/wednesday-solutions/negt/gqlgenUtils/fileUtils/fileUtils.go:24.16,26.3 1 1
github.com/wednesday-solutions/negt/gqlgenUtils/fileUtils/fileUtils.go:30.37,35.2 3 1
github.com/wednesday-solutions/negt/gqlgenUtils/fileUtils/fileUtils.go:37.42,40.2 2 1
github.com/wednesday-solutions/negt/gqlgenUtils/fileUtils/fileUtils.go:42.49,46.16 2 1
github.com/wednesday-solutions/negt/gqlgenUtils/fileUtils/fileUtils.go:50.2,53.16 3 1
github.com/wednesday-solutions/negt/gqlgenUtils/fileUtils/fileUtils.go:57.2,58.16 2 1
github.com/wednesday-solutions/negt/gqlgenUtils/fileUtils/fileUtils.go:62.2,64.12 2 1
github.com/wednesday-solutions/negt/gqlgenUtils/fileUtils/fileUtils.go:46.16,49.3 2 1
github.com/wednesday-solutions/negt/gqlgenUtils/fileUtils/fileUtils.go:53.16,56.3 2 1
github.com/wednesday-solutions/negt/gqlgenUtils/fileUtils/fileUtils.go:58.16,61.3 2 1
github.com/wednesday-solutions/negt/gqlgenUtils/fileUtils/fileUtils.go:67.32,69.16 2 1
github.com/wednesday-solutions/negt/gqlgenUtils/fileUtils/fileUtils.go:72.2,72.13 1 1
github.com/wednesday-solutions/negt/gqlgenUtils/fileUtils/fileUtils.go:69.16,71.3 1 1
github.com/wednesday-solutions/negt/gqlgenUtils/fileUtils/initUtils.go:14.23,23.2 3 1
github.com/wednesday-solutions/negt/gqlgenUtils/fileUtils/initUtils.go:25.51,35.16 6 1
github.com/wednesday-solutions/negt/gqlgenUtils/fileUtils/initUtils.go:41.2,41.21 1 1
github.com/wednesday-solutions/negt/gqlgenUtils/fileUtils/initUtils.go:35.16,37.17 2 1
github.com/wednesday-solutions/negt/gqlgenUtils/fileUtils/initUtils.go:37.17,39.4 1 1
github.com/wednesday-solutions/negt/gqlgenUtils/fileUtils/initUtils.go:41.21,43.3 1 1
github.com/wednesday-solutions/negt/gqlgenUtils/fileUtils/initUtils.go:43.8,45.3 1 1
github.com/wednesday-solutions/negt/cmd/gqlgen.go:10.33,24.2 2 1
github.com/wednesday-solutions/negt/cmd/gqlgen.go:26.13,32.2 2 1
github.com/wednesday-solutions/negt/cmd/init.go:13.56,23.10 4 1
github.com/wednesday-solutions/negt/cmd/init.go:31.2,31.36 1 1
github.com/wednesday-solutions/negt/cmd/init.go:34.2,36.39 2 1
github.com/wednesday-solutions/negt/cmd/init.go:50.2,50.12 1 1
github.com/wednesday-solutions/negt/cmd/init.go:23.10,24.40 1 1
github.com/wednesday-solutions/negt/cmd/init.go:28.3,28.44 1 1
github.com/wednesday-solutions/negt/cmd/init.go:24.40,27.4 2 1
github.com/wednesday-solutions/negt/cmd/init.go:31.36,33.3 1 1
github.com/wednesday-solutions/negt/cmd/init.go:36.39,38.11 2 1
github.com/wednesday-solutions/negt/cmd/init.go:38.11,40.4 1 1
github.com/wednesday-solutions/negt/cmd/init.go:40.9,42.4 1 1
github.com/wednesday-solutions/negt/cmd/init.go:43.8,44.11 1 1
github.com/wednesday-solutions/negt/cmd/init.go:44.11,46.4 1 1
github.com/wednesday-solutions/negt/cmd/init.go:46.9,48.4 1 1
github.com/wednesday-solutions/negt/cmd/init.go:54.31,67.2 2 1
github.com/wednesday-solutions/negt/cmd/init.go:69.13,71.2 1 1
github.com/wednesday-solutions/negt/cmd/model.go:10.57,12.16 2 1
github.com/wednesday-solutions/negt/cmd/model.go:15.2,15.12 1 1
github.com/wednesday-solutions/negt/cmd/model.go:12.16,14.3 1 1
github.com/wednesday-solutions/negt/cmd/model.go:19.32,32.2 2 1
github.com/wednesday-solutions/negt/cmd/model.go:34.13,36.2 1 1
github.com/wednesday-solutions/negt/cmd/root.go:9.31,27.2 2 1
github.com/wednesday-solutions/negt/cmd/root.go:31.22,35.16 3 1
github.com/wednesday-solutions/negt/cmd/root.go:38.2,38.12 1 1
github.com/wednesday-solutions/negt/cmd/root.go:35.16,37.3 1 1
github.com/wednesday-solutions/negt/cmd/test.go:11.58,14.2 2 1
github.com/wednesday-solutions/negt/cmd/test.go:17.31,26.2 2 1
github.com/wednesday-solutions/negt/cmd/test.go:28.13,30.2 1 1
github.com/wednesday-solutions/negt/gqlgenUtils/modelUtils/promptUtils.go:13.41,14.21 1 1
github.com/wednesday-solutions/negt/gqlgenUtils/modelUtils/promptUtils.go:17.2,17.12 1 1
github.com/wednesday-solutions/negt/gqlgenUtils/modelUtils/promptUtils.go:14.21,16.3 1 1
github.com/wednesday-solutions/negt/gqlgenUtils/modelUtils/promptUtils.go:20.46,34.16 5 1
github.com/wednesday-solutions/negt/gqlgenUtils/modelUtils/promptUtils.go:38.2,38.15 1 1
github.com/wednesday-solutions/negt/gqlgenUtils/modelUtils/promptUtils.go:34.16,37.3 2 1
github.com/wednesday-solutions/negt/gqlgenUtils/modelUtils/promptUtils.go:41.51,51.16 6 1
github.com/wednesday-solutions/negt/gqlgenUtils/modelUtils/promptUtils.go:57.2,57.21 1 1
github.com/wednesday-solutions/negt/gqlgenUtils/modelUtils/promptUtils.go:51.16,53.17 2 1
github.com/wednesday-solutions/negt/gqlgenUtils/modelUtils/promptUtils.go:53.17,55.4 1 1
github.com/wednesday-solutions/negt/gqlgenUtils/modelUtils/promptUtils.go:57.21,59.3 1 1
github.com/wednesday-solutions/negt/gqlgenUtils/modelUtils/promptUtils.go:59.8,61.3 1 1
github.com/wednesday-solutions/negt/gqlgenUtils/modelUtils/promptUtils.go:64.47,70.16 5 1
github.com/wednesday-solutions/negt/gqlgenUtils/modelUtils/promptUtils.go:82.2,82.16 1 1
github.com/wednesday-solutions/negt/gqlgenUtils/modelUtils/promptUtils.go:86.2,86.15 1 1
github.com/wednesday-solutions/negt/gqlgenUtils/modelUtils/promptUtils.go:70.16,78.18 3 1
github.com/wednesday-solutions/negt/gqlgenUtils/modelUtils/promptUtils.go:78.18,80.4 1 0
github.com/wednesday-solutions/negt/gqlgenUtils/modelUtils/promptUtils.go:82.16,85.3 2 1
github.com/wednesday-solutions/negt/gqlgenUtils/modelUtils/promptUtils.go:89.51,94.16 5 1
github.com/wednesday-solutions/negt/gqlgenUtils/modelUtils/promptUtils.go:106.2,106.61 1 1
github.com/wednesday-solutions/negt/gqlgenUtils/modelUtils/promptUtils.go:125.2,125.16 1 1
github.com/wednesday-solutions/negt/gqlgenUtils/modelUtils/promptUtils.go:129.2,129.15 1 1
github.com/wednesday-solutions/negt/gqlgenUtils/modelUtils/promptUtils.go:94.16,102.18 3 1
github.com/wednesday-solutions/negt/gqlgenUtils/modelUtils/promptUtils.go:102.18,104.4 1 0
github.com/wednesday-solutions/negt/gqlgenUtils/modelUtils/promptUtils.go:106.61,108.14 2 1
github.com/wednesday-solutions/negt/gqlgenUtils/modelUtils/promptUtils.go:108.14,111.4 2 0
github.com/wednesday-solutions/negt/gqlgenUtils/modelUtils/promptUtils.go:112.8,114.14 2 1
github.com/wednesday-solutions/negt/gqlgenUtils/modelUtils/promptUtils.go:114.14,117.36 3 1
github.com/wednesday-solutions/negt/gqlgenUtils/modelUtils/promptUtils.go:117.36,118.39 1 1
github.com/wednesday-solutions/negt/gqlgenUtils/modelUtils/promptUtils.go:121.5,121.43 1 1
github.com/wednesday-solutions/negt/gqlgenUtils/modelUtils/promptUtils.go:118.39,120.6 1 1
github.com/wednesday-solutions/negt/gqlgenUtils/modelUtils/promptUtils.go:125.16,128.3 2 1
github.com/wednesday-solutions/negt/gqlgenUtils/modelUtils/writeModel.go:10.131,18.29 4 1
github.com/wednesday-solutions/negt/gqlgenUtils/modelUtils/writeModel.go:61.2,61.12 1 1
github.com/wednesday-solutions/negt/gqlgenUtils/modelUtils/writeModel.go:18.29,21.25 1 1
github.com/wednesday-solutions/negt/gqlgenUtils/modelUtils/writeModel.go:21.25,24.18 2 1
github.com/wednesday-solutions/negt/gqlgenUtils/modelUtils/writeModel.go:24.18,26.5 1 1
github.com/wednesday-solutions/negt/gqlgenUtils/modelUtils/writeModel.go:29.9,29.32 1 1
github.com/wednesday-solutions/negt/gqlgenUtils/modelUtils/writeModel.go:29.32,32.18 2 1
github.com/wednesday-solutions/negt/gqlgenUtils/modelUtils/writeModel.go:32.18,34.5 1 1
github.com/wednesday-solutions/negt/gqlgenUtils/modelUtils/writeModel.go:37.9,37.31 1 1
github.com/wednesday-solutions/negt/gqlgenUtils/modelUtils/writeModel.go:37.31,40.18 2 1
github.com/wednesday-solutions/negt/gqlgenUtils/modelUtils/writeModel.go:40.18,42.5 1 1
github.com/wednesday-solutions/negt/gqlgenUtils/modelUtils/writeModel.go:45.9,45.32 1 1
github.com/wednesday-solutions/negt/gqlgenUtils/modelUtils/writeModel.go:45.32,48.18 2 1
github.com/wednesday-solutions/negt/gqlgenUtils/modelUtils/writeModel.go:48.18,50.5 1 1
github.com/wednesday-solutions/negt/gqlgenUtils/modelUtils/writeModel.go:53.9,53.35 1 1
github.com/wednesday-solutions/negt/gqlgenUtils/modelUtils/writeModel.go:53.35,56.18 2 1
github.com/wednesday-solutions/negt/gqlgenUtils/modelUtils/writeModel.go:56.18,58.5 1 1
github.com/wednesday-solutions/negt/gqlgenUtils/modelUtils/createModel.go:9.86,15.16 4 1
github.com/wednesday-solutions/negt/gqlgenUtils/modelUtils/createModel.go:19.2,20.29 2 1
github.com/wednesday-solutions/negt/gqlgenUtils/modelUtils/createModel.go:27.2,28.16 2 1
github.com/wednesday-solutions/negt/gqlgenUtils/modelUtils/createModel.go:32.2,33.33 2 1
github.com/wednesday-solutions/negt/gqlgenUtils/modelUtils/createModel.go:39.2,39.12 1 1
github.com/wednesday-solutions/negt/gqlgenUtils/modelUtils/createModel.go:15.16,17.3 1 1
github.com/wednesday-solutions/negt/gqlgenUtils/modelUtils/createModel.go:20.29,22.17 2 1
github.com/wednesday-solutions/negt/gqlgenUtils/modelUtils/createModel.go:22.17,24.4 1 1
github.com/wednesday-solutions/negt/gqlgenUtils/modelUtils/createModel.go:28.16,30.3 1 1
github.com/wednesday-solutions/negt/gqlgenUtils/modelUtils/createModel.go:33.33,35.17 2 1
github.com/wednesday-solutions/negt/gqlgenUtils/modelUtils/createModel.go:35.17,37.4 1 1
github.com/wednesday-solutions/negt/gqlgenUtils/modelUtils/createModel.go:42.108,48.37 3 1
github.com/wednesday-solutions/negt/gqlgenUtils/modelUtils/createModel.go:54.2,55.41 2 1
github.com/wednesday-solutions/negt/gqlgenUtils/modelUtils/createModel.go:61.2,61.12 1 1
github.com/wednesday-solutions/negt/gqlgenUtils/modelUtils/createModel.go:48.37,50.17 2 1
github.com/wednesday-solutions/negt/gqlgenUtils/modelUtils/createModel.go:50.17,52.4 1 1
github.com/wednesday-solutions/negt/gqlgenUtils/modelUtils/createModel.go:55.41,57.17 2 1
github.com/wednesday-solutions/negt/gqlgenUtils/modelUtils/createModel.go:57.17,59.4 1 1
github.com/wednesday-solutions/negt/gqlgenUtils/modelUtils/fieldUtils.go:9.127,29.41 8 1
github.com/wednesday-solutions/negt/gqlgenUtils/modelUtils/fieldUtils.go:60.2,77.12 2 1
github.com/wednesday-solutions/negt/gqlgenUtils/modelUtils/fieldUtils.go:29.41,30.24 1 1
github.com/wednesday-solutions/negt/gqlgenUtils/modelUtils/fieldUtils.go:30.24,34.4 2 1
github.com/wednesday-solutions/negt/gqlgenUtils/modelUtils/fieldUtils.go:34.9,34.32 1 1
github.com/wednesday-solutions/negt/gqlgenUtils/modelUtils/fieldUtils.go:34.32,38.4 2 1
github.com/wednesday-solutions/negt/gqlgenUtils/modelUtils/fieldUtils.go:38.9,38.34 1 1
github.com/wednesday-solutions/negt/gqlgenUtils/modelUtils/fieldUtils.go:38.34,42.4 2 1
github.com/wednesday-solutions/negt/gqlgenUtils/modelUtils/fieldUtils.go:42.9,42.35 1 1
github.com/wednesday-solutions/negt/gqlgenUtils/modelUtils/fieldUtils.go:42.35,46.4 2 1
github.com/wednesday-solutions/negt/gqlgenUtils/modelUtils/fieldUtils.go:46.9,46.36 1 1
github.com/wednesday-solutions/negt/gqlgenUtils/modelUtils/fieldUtils.go:46.36,50.4 2 1
github.com/wednesday-solutions/negt/gqlgenUtils/modelUtils/fieldUtils.go:50.9,50.37 1 1
github.com/wednesday-solutions/negt/gqlgenUtils/modelUtils/fieldUtils.go:50.37,54.4 2 1
github.com/wednesday-solutions/negt/gqlgenUtils/modelUtils/fieldUtils.go:54.9,57.4 1 0
github.com/wednesday-solutions/negt/gqlgenUtils/modelUtils/modelUtils.go:18.29,72.14 22 1
github.com/wednesday-solutions/negt/gqlgenUtils/modelUtils/modelUtils.go:79.2,102.16 6 1
github.com/wednesday-solutions/negt/gqlgenUtils/modelUtils/modelUtils.go:107.2,108.16 2 1
github.com/wednesday-solutions/negt/gqlgenUtils/modelUtils/modelUtils.go:113.2,114.16 2 1
github.com/wednesday-solutions/negt/gqlgenUtils/modelUtils/modelUtils.go:119.2,119.20 1 1
github.com/wednesday-solutions/negt/gqlgenUtils/modelUtils/modelUtils.go:126.2,127.16 2 1
github.com/wednesday-solutions/negt/gqlgenUtils/modelUtils/modelUtils.go:132.2,136.16 4 1
github.com/wednesday-solutions/negt/gqlgenUtils/modelUtils/modelUtils.go:139.2,140.12 2 1
github.com/wednesday-solutions/negt/gqlgenUtils/modelUtils/modelUtils.go:72.14,77.3 2 0
github.com/wednesday-solutions/negt/gqlgenUtils/modelUtils/modelUtils.go:102.16,105.3 2 1
github.com/wednesday-solutions/negt/gqlgenUtils/modelUtils/modelUtils.go:108.16,111.3 2 1
github.com/wednesday-solutions/negt/gqlgenUtils/modelUtils/modelUtils.go:114.16,117.3 2 1
github.com/wednesday-solutions/negt/gqlgenUtils/modelUtils/modelUtils.go:119.20,121.17 2 0
github.com/wednesday-solutions/negt/gqlgenUtils/modelUtils/modelUtils.go:121.17,123.4 1 0
github.com/wednesday-solutions/negt/gqlgenUtils/modelUtils/modelUtils.go:127.16,130.3 2 1
github.com/wednesday-solutions/negt/gqlgenUtils/modelUtils/modelUtils.go:136.16,138.3 1 1
github.com/wednesday-solutions/negt/gqlgenUtils/modelUtils/modelUtils.go:147.32,172.2 10 1
github.com/wednesday-solutions/negt/gqlgenUtils/modelUtils/modelUtils.go:179.9,191.16 4 1
github.com/wednesday-solutions/negt/gqlgenUtils/modelUtils/modelUtils.go:195.2,196.16 2 1
github.com/wednesday-solutions/negt/gqlgenUtils/modelUtils/modelUtils.go:200.2,201.16 2 1
github.com/wednesday-solutions/negt/gqlgenUtils/modelUtils/modelUtils.go:205.2,205.12 1 1
github.com/wednesday-solutions/negt/gqlgenUtils/modelUtils/modelUtils.go:191.16,194.3 2 1
github.com/wednesday-solutions/negt/gqlgenUtils/modelUtils/modelUtils.go:196.16,199.3 2 1
github.com/wednesday-solutions/negt/gqlgenUtils/modelUtils/modelUtils.go:201.16,204.3 2 1
github.com/wednesday-solutions/negt/gqlgenUtils/modelUtils/writeCustomResolver.go:14.29,22.37 4 1
github.com/wednesday-solutions/negt/gqlgenUtils/modelUtils/writeCustomResolver.go:43.2,43.12 1 1
github.com/wednesday-solutions/negt/gqlgenUtils/modelUtils/writeCustomResolver.go:22.37,24.40 1 1
github.com/wednesday-solutions/negt/gqlgenUtils/modelUtils/writeCustomResolver.go:24.40,26.18 2 1
github.com/wednesday-solutions/negt/gqlgenUtils/modelUtils/writeCustomResolver.go:26.18,28.5 1 1
github.com/wednesday-solutions/negt/gqlgenUtils/modelUtils/writeCustomResolver.go:30.9,30.47 1 1
github.com/wednesday-solutions/negt/gqlgenUtils/modelUtils/writeCustomResolver.go:30.47,32.18 2 1
github.com/wednesday-solutions/negt/gqlgenUtils/modelUtils/writeCustomResolver.go:32.18,34.5 1 1
github.com/wednesday-solutions/negt/gqlgenUtils/modelUtils/writeCustomResolver.go:36.9,36.47 1 1
github.com/wednesday-solutions/negt/gqlgenUtils/modelUtils/writeCustomResolver.go:36.47,38.18 2 1
github.com/wednesday-solutions/negt/gqlgenUtils/modelUtils/writeCustomResolver.go:38.18,40.5 1 1
github.com/wednesday-solutions/negt/gqlgenUtils/modelUtils/writeMockData.go:10.122,16.36 5 1
github.com/wednesday-solutions/negt/gqlgenUtils/modelUtils/writeMockData.go:19.2,19.38 1 1
github.com/wednesday-solutions/negt/gqlgenUtils/modelUtils/writeMockData.go:22.2,23.42 2 1
github.com/wednesday-solutions/negt/gqlgenUtils/modelUtils/writeMockData.go:26.2,29.16 3 1
github.com/wednesday-solutions/negt/gqlgenUtils/modelUtils/writeMockData.go:33.2,36.16 3 1
github.com/wednesday-solutions/negt/gqlgenUtils/modelUtils/writeMockData.go:39.2,39.12 1 1
github.com/wednesday-solutions/negt/gqlgenUtils/modelUtils/writeMockData.go:16.36,18.3 1 1
github.com/wednesday-solutions/negt/gqlgenUtils/modelUtils/writeMockData.go:19.38,21.3 1 1
github.com/wednesday-solutions/negt/gqlgenUtils/modelUtils/writeMockData.go:23.42,25.3 1 1
github.com/wednesday-solutions/negt/gqlgenUtils/modelUtils/writeMockData.go:29.16,31.3 1 1
github.com/wednesday-solutions/negt/gqlgenUtils/modelUtils/writeMockData.go:36.16,38.3 1 1
github.com/wednesday-solutions/negt/gqlgenUtils/modelUtils/writeModelTest.go:14.29,22.33 4 1
github.com/wednesday-solutions/negt/gqlgenUtils/modelUtils/writeModelTest.go:67.2,67.12 1 1
github.com/wednesday-solutions/negt/gqlgenUtils/modelUtils/writeModelTest.go:22.33,24.30 1 1
github.com/wednesday-solutions/negt/gqlgenUtils/modelUtils/writeModelTest.go:24.30,27.18 2 1
github.com/wednesday-solutions/negt/gqlgenUtils/modelUtils/writeModelTest.go:27.18,29.5 1 1
github.com/wednesday-solutions/negt/gqlgenUtils/modelUtils/writeModelTest.go:31.9,31.37 1 1
github.com/wednesday-solutions/negt/gqlgenUtils/modelUtils/writeModelTest.go:31.37,34.18 2 1
github.com/wednesday-solutions/negt/gqlgenUtils/modelUtils/writeModelTest.go:34.18,36.5 1 1
github.com/wednesday-solutions/negt/gqlgenUtils/modelUtils/writeModelTest.go:38.9,38.37 1 1
github.com/wednesday-solutions/negt/gqlgenUtils/modelUtils/writeModelTest.go:38.37,41.18 2 1
github.com/wednesday-solutions/negt/gqlgenUtils/modelUtils/writeModelTest.go:41.18,43.5 1 1
github.com/wednesday-solutions/negt/gqlgenUtils/modelUtils/writeModelTest.go:45.9,45.36 1 1
github.com/wednesday-solutions/negt/gqlgenUtils/modelUtils/writeModelTest.go:45.36,48.18 2 1
github.com/wednesday-solutions/negt/gqlgenUtils/modelUtils/writeModelTest.go:48.18,50.5 1 1
github.com/wednesday-solutions/negt/gqlgenUtils/modelUtils/writeModelTest.go:52.9,52.42 1 1
github.com/wednesday-solutions/negt/gqlgenUtils/modelUtils/writeModelTest.go:52.42,55.18 2 1
github.com/wednesday-solutions/negt/gqlgenUtils/modelUtils/writeModelTest.go:55.18,57.5 1 1
github.com/wednesday-solutions/negt/gqlgenUtils/modelUtils/writeModelTest.go:59.9,59.40 1 1
github.com/wednesday-solutions/negt/gqlgenUtils/modelUtils/writeModelTest.go:59.40,62.18 2 1
github.com/wednesday-solutions/negt/gqlgenUtils/modelUtils/writeModelTest.go:62.18,64.5 1 1
github.com/wednesday-solutions/negt/gqlgenUtils/modelUtils/writeTestCustomResolver.go:14.29,22.41 4 1
github.com/wednesday-solutions/negt/gqlgenUtils/modelUtils/writeTestCustomResolver.go:43.2,43.12 1 1
github.com/wednesday-solutions/negt/gqlgenUtils/modelUtils/writeTestCustomResolver.go:22.41,24.45 1 1
github.com/wednesday-solutions/negt/gqlgenUtils/modelUtils/writeTestCustomResolver.go:24.45,26.18 2 1
github.com/wednesday-solutions/negt/gqlgenUtils/modelUtils/writeTestCustomResolver.go:26.18,28.5 1 1
github.com/wednesday-solutions/negt/gqlgenUtils/modelUtils/writeTestCustomResolver.go:30.9,30.52 1 1
github.com/wednesday-solutions/negt/gqlgenUtils/modelUtils/writeTestCustomResolver.go:30.52,32.18 2 1
github.com/wednesday-solutions/negt/gqlgenUtils/modelUtils/writeTestCustomResolver.go:32.18,34.5 1 1
github.com/wednesday-solutions/negt/gqlgenUtils/modelUtils/writeTestCustomResolver.go:36.9,36.52 1 1
github.com/wednesday-solutions/negt/gqlgenUtils/modelUtils/writeTestCustomResolver.go:36.52,38.18 2 1
github.com/wednesday-solutions/negt/gqlgenUtils/modelUtils/writeTestCustomResolver.go:38.18,40.5 1 1
